<?xml version="1.0" encoding="UTF-8"?>
<!-- Generated by org.testng.reporters.JUnitReportReporter -->
<testsuite hostname="DESKTOP-9TALGFM" failures="0" tests="1" name="TestCases1.PrintingAllLinks" time="83.782" errors="0" timestamp="2023-11-24T19:30:49 IST" skipped="0">
  <testcase classname="TestCases1.PrintingAllLinks" name="PrintingLinks" time="83.782"/>
</testsuite> <!-- TestCases1.PrintingAllLinks -->
