<?xml version="1.0" encoding="UTF-8"?>
<!-- Generated by org.testng.reporters.JUnitReportReporter -->
<testsuite hostname="DESKTOP-9TALGFM" failures="0" tests="1" name="TestCases1.ExcelSheetHandling" time="0.938" errors="0" timestamp="2023-11-24T18:42:53 IST" skipped="0">
  <testcase classname="TestCases1.ExcelSheetHandling" name="LoginFunctionality" time="0.938"/>
</testsuite> <!-- TestCases1.ExcelSheetHandling -->
