<?xml version="1.0" encoding="UTF-8"?>
<!-- Generated by org.testng.reporters.JUnitReportReporter -->
<testsuite hostname="DESKTOP-9TALGFM" failures="0" tests="1" name="TestCases.ExcelSheetHandling" time="0.870" errors="0" timestamp="2023-11-24T18:45:41 IST" skipped="0">
  <testcase classname="TestCases.ExcelSheetHandling" name="LoginFunctionality" time="0.870"/>
</testsuite> <!-- TestCases.ExcelSheetHandling -->
