<?xml version="1.0" encoding="UTF-8"?>
<!-- Generated by org.testng.reporters.JUnitReportReporter -->
<testsuite hostname="DESKTOP-9TALGFM" failures="0" tests="1" name="TestCases1.VerifySignup1" time="13.791" errors="0" timestamp="2023-11-28T18:19:31 IST" skipped="0">
  <testcase classname="TestCases1.VerifySignup1" name="signup" time="13.791"/>
</testsuite> <!-- TestCases1.VerifySignup1 -->
