<?xml version="1.0" encoding="UTF-8"?>
<!-- Generated by org.testng.reporters.JUnitReportReporter -->
<testsuite hostname="DESKTOP-9TALGFM" failures="0" tests="1" name="TestCases1.CptureScreenshoot" time="14.132" errors="0" timestamp="2023-11-25T13:51:32 IST" skipped="0">
  <testcase classname="TestCases1.CptureScreenshoot" name="Screenshoot" time="14.132"/>
</testsuite> <!-- TestCases1.CptureScreenshoot -->
